  Star Wars Rebel Locator.cpp
c:\users\the toolkit\documents\visual studio 2017\projects\star wars rebel locator\star wars rebel locator\star wars rebel locator.cpp(105): warning C4018: '<': signed/unsigned mismatch
c:\users\the toolkit\documents\visual studio 2017\projects\star wars rebel locator\star wars rebel locator\star wars rebel locator.cpp(116): warning C4018: '<': signed/unsigned mismatch
c:\users\the toolkit\documents\visual studio 2017\projects\star wars rebel locator\star wars rebel locator\star wars rebel locator.cpp(144): warning C4018: '<': signed/unsigned mismatch
c:\users\the toolkit\documents\visual studio 2017\projects\star wars rebel locator\star wars rebel locator\star wars rebel locator.cpp(161): warning C4018: '<': signed/unsigned mismatch
c:\users\the toolkit\documents\visual studio 2017\projects\star wars rebel locator\star wars rebel locator\star wars rebel locator.cpp(163): warning C4018: '<': signed/unsigned mismatch
c:\users\the toolkit\documents\visual studio 2017\projects\star wars rebel locator\star wars rebel locator\star wars rebel locator.cpp(178): warning C4018: '<': signed/unsigned mismatch
c:\users\the toolkit\documents\visual studio 2017\projects\star wars rebel locator\star wars rebel locator\star wars rebel locator.cpp(180): warning C4018: '<': signed/unsigned mismatch
c:\users\the toolkit\documents\visual studio 2017\projects\star wars rebel locator\star wars rebel locator\star wars rebel locator.cpp(183): warning C4018: '<': signed/unsigned mismatch
c:\users\the toolkit\documents\visual studio 2017\projects\star wars rebel locator\star wars rebel locator\star wars rebel locator.cpp(188): warning C4018: '<': signed/unsigned mismatch
c:\users\the toolkit\documents\visual studio 2017\projects\star wars rebel locator\star wars rebel locator\star wars rebel locator.cpp(202): warning C4018: '<': signed/unsigned mismatch
c:\users\the toolkit\documents\visual studio 2017\projects\star wars rebel locator\star wars rebel locator\star wars rebel locator.cpp(218): warning C4018: '<': signed/unsigned mismatch
c:\users\the toolkit\documents\visual studio 2017\projects\star wars rebel locator\star wars rebel locator\star wars rebel locator.cpp(221): warning C4018: '<': signed/unsigned mismatch
c:\users\the toolkit\documents\visual studio 2017\projects\star wars rebel locator\star wars rebel locator\star wars rebel locator.cpp(262): warning C4018: '<': signed/unsigned mismatch
c:\users\the toolkit\documents\visual studio 2017\projects\star wars rebel locator\star wars rebel locator\star wars rebel locator.cpp(269): warning C4018: '<': signed/unsigned mismatch
c:\users\the toolkit\documents\visual studio 2017\projects\star wars rebel locator\star wars rebel locator\star wars rebel locator.cpp(280): warning C4018: '<': signed/unsigned mismatch
c:\users\the toolkit\documents\visual studio 2017\projects\star wars rebel locator\star wars rebel locator\star wars rebel locator.cpp(317): warning C4018: '<': signed/unsigned mismatch
c:\users\the toolkit\documents\visual studio 2017\projects\star wars rebel locator\star wars rebel locator\star wars rebel locator.cpp(344): warning C4018: '<': signed/unsigned mismatch
c:\users\the toolkit\documents\visual studio 2017\projects\star wars rebel locator\star wars rebel locator\star wars rebel locator.cpp(364): warning C4018: '<': signed/unsigned mismatch
c:\users\the toolkit\documents\visual studio 2017\projects\star wars rebel locator\star wars rebel locator\star wars rebel locator.cpp(111): warning C4715: 'Graph::search': not all control paths return a value
  Star Wars Rebel Locator.vcxproj -> C:\Users\The Toolkit\Documents\Visual Studio 2017\Projects\Star Wars Rebel Locator\Debug\Star Wars Rebel Locator.exe
  Star Wars Rebel Locator.vcxproj -> C:\Users\The Toolkit\Documents\Visual Studio 2017\Projects\Star Wars Rebel Locator\Debug\Star Wars Rebel Locator.pdb (Partial PDB)
